crone executing
crone executing
crone executing
crone executing
crone executing
path not exist
crone executing
path not exist
crone executing
path not exist
crone executing
path not exist
crone executing
path not exist
crone executing
path not exist
crone executing
path not exist
crone executing
path not exist
crone executing
path not exist
crone executing
path not exist
crone executing
path not exist
crone executing
path not exist
crone executing
path not exist
crone executing
path not exist
crone executing
path not exist
crone executing
path not exist
crone executing
path not exist
crone executing
path not exist
crone executing
path not exist
crone executing
path not exist
crone executing
path not exist
crone executing
path not exist
crone executing
path not exist
crone executing
path not exist
crone executing
path not exist
crone executing
path not exist
crone executing
path not exist
crone executing
path not exist
crone executing
path not exist
crone executing
path not exist
crone executing
path not exist
crone executing
path not exist
crone executing
path not exist
crone executing
path not exist
crone executing
path not exist
crone executing
path not exist
crone executing
path not exist
crone executing
path not exist
crone executing
path not exist
crone executing
path not exist
crone executing
path not exist
crone executing
path not exist
crone executing
path not exist
crone executing
path not exist
crone executing
path not exist
crone executing
path not exist
crone executing
path not exist
crone executing
path not exist
crone executing
path not exist
crone executing
path not exist
crone executing
path not exist
crone executing
path not exist
crone executing
path not exist
crone executing
path not exist
crone executing
path not exist
crone executing
path not exist
crone executing
path not exist
crone executing
path not exist
crone executing
path not exist
crone executing
path not exist
crone executing
path not exist
crone executing
path not exist
crone executing
path not exist
crone executing
path not exist
crone executing
path not exist
crone executing
path not exist
crone executing
path not exist
crone executing
path not exist
crone executing
path not exist
crone executing
path not exist
crone executing
path not exist
crone executing
path not exist
crone executing
path not exist
crone executing
path not exist
crone executing
path not exist
crone executing
path not exist
crone executing
path not exist
crone executing
path not exist
crone executing
path not exist
crone executing
path not exist
crone executing
path not exist
crone executing
path not exist
crone executing
path not exist
crone executing
path not exist
crone executing
path not exist
crone executing
path not exist
crone executing
path not exist
crone executing
path not exist
crone executing
path not exist
crone executing
path not exist
crone executing
path not exist
crone executing
path not exist
crone executing
path not exist
crone executing
path not exist
crone executing
path not exist
crone executing
path not exist
crone executing
path not exist
crone executing
path not exist
crone executing
path not exist
crone executing
path not exist
crone executing
path not exist
crone executing
path not exist
crone executing
path not exist
crone executing
path not exist
crone executing
path not exist
crone executing
path not exist
crone executing
path not exist
crone executing
path not exist
crone executing
path not exist
crone executing
path not exist
crone executing
path not exist
crone executing
path not exist
crone executing
path not exist
crone executing
path not exist
crone executing
path not exist
crone executing
path not exist
crone executing
path not exist
crone executing
path not exist
crone executing
path not exist
crone executing
path not exist
crone executing
path not exist
crone executing
path not exist
crone executing
path not exist
crone executing
path not exist
crone executing
path not exist
crone executing
path not exist
crone executing
path not exist
crone executing
path not exist
crone executing
path not exist
crone executing
path not exist
crone executing
path not exist
crone executing
path not exist
crone executing
path not exist
crone executing
path not exist
crone executing
path not exist
crone executing
path not exist
crone executing
path not exist
crone executing
path not exist
crone executing
path not exist
crone executing
path not exist
crone executing
path not exist
crone executing
path not exist
crone executing
path not exist
crone executing
path not exist
crone executing
path not exist
crone executing
path not exist
crone executing
path not exist
crone executing
path not exist
crone executing
path not exist
crone executing
path not exist
crone executing
path not exist
crone executing
path not exist
crone executing
path not exist
crone executing
path not exist
crone executing
path not exist
crone executing
path not exist
crone executing
path not exist
crone executing
path not exist
crone executing
path not exist
crone executing
path not exist
crone executing
path not exist
crone executing
path not exist
crone executing
path not exist
crone executing
path not exist
crone executing
path not exist
crone executing
path not exist
crone executing
path not exist
crone executing
path not exist
crone executing
path not exist
crone executing
path not exist
crone executing
path not exist
crone executing
path not exist
crone executing
path not exist
crone executing
path not exist
crone executing
path not exist
crone executing
path not exist
crone executing
path not exist
crone executing
path not exist
crone executing
path not exist
crone executing
path not exist
crone executing
path not exist
crone executing
path not exist
crone executing
path not exist
crone executing
path not exist
crone executing
path not exist
crone executing
path not exist
crone executing
path not exist
crone executing
path not exist
crone executing
path not exist
crone executing
path not exist
crone executing
path not exist
crone executing
path not exist
crone executing
path not exist
crone executing
path not exist
crone executing
path not exist
crone executing
path not exist
crone executing
path not exist
crone executing
path not exist
crone executing
path not exist
crone executing
path not exist
crone executing
path not exist
crone executing
path not exist
crone executing
path not exist
crone executing
path not exist
crone executing
path not exist
crone executing
path not exist
crone executing
path not exist
crone executing
path not exist
crone executing
path not exist
crone executing
path not exist
crone executing
path not exist
crone executing
path not exist
crone executing
path not exist
crone executing
path not exist
crone executing
path not exist
crone executing
path not exist
crone executing
path not exist
crone executing
path not exist
crone executing
path not exist
crone executing
path not exist
crone executing
path not exist
crone executing
path not exist
crone executing
path not exist
crone executing
path not exist
crone executing
path not exist
crone executing
path not exist
crone executing
path not exist
crone executing
path not exist
crone executing
path not exist
crone executing
path not exist
crone executing
path not exist
crone executing
path not exist
crone executing
path not exist
crone executing
path not exist
crone executing
path not exist
crone executing
path not exist
crone executing
path not exist
crone executing
path not exist
crone executing
path not exist
crone executing
path not exist
crone executing
path not exist
crone executing
path not exist
crone executing
path not exist
crone executing
path not exist
crone executing
path not exist
crone executing
path not exist
crone executing
path not exist
crone executing
path not exist
crone executing
path not exist
crone executing
path not exist
crone executing
path not exist
crone executing
path not exist
crone executing
path not exist
crone executing
path not exist
crone executing
path not exist
crone executing
path not exist
crone executing
path not exist
crone executing
path not exist
crone executing
path not exist
crone executing
path not exist
crone executing
path not exist
crone executing
path not exist
crone executing
path not exist
crone executing
path not exist
crone executing
path not exist
crone executing
path not exist
crone executing
path not exist
crone executing
path not exist
crone executing
path not exist
crone executing
path not exist
crone executing
path not exist
crone executing
path not exist
crone executing
path not exist
crone executing
path not exist
crone executing
path not exist
crone executing
path not exist
crone executing
path not exist
crone executing
path not exist
crone executing
path not exist
crone executing
path not exist
crone executing
path not exist
crone executing
path not exist
crone executing
path not exist
crone executing
path not exist
crone executing
path not exist
crone executing
path not exist
crone executing
path not exist
crone executing
path not exist
crone executing
path not exist
crone executing
path not exist
crone executing
path not exist
crone executing
path not exist
crone executing
path not exist
crone executing
path not exist
crone executing
path not exist
crone executing
path not exist
crone executing
path not exist
crone executing
path not exist
crone executing
path not exist
crone executing
path not exist
crone executing
path not exist
crone executing
path not exist
crone executing
path not exist
crone executing
path not exist
crone executing
path not exist
crone executing
path not exist
crone executing
path not exist
crone executing
path not exist
crone executing
path not exist
crone executing
path not exist
crone executing
path not exist
crone executing
path not exist
crone executing
path not exist
crone executing
path not exist
crone executing
path not exist
crone executing
path not exist
crone executing
path not exist
crone executing
path not exist
crone executing
path not exist
crone executing
path not exist
crone executing
path not exist
crone executing
path not exist
crone executing
path not exist
crone executing
path not exist
crone executing
path not exist
crone executing
path not exist
crone executing
path not exist
crone executing
path not exist
crone executing
path not exist
crone executing
path not exist
crone executing
path not exist
crone executing
path not exist
crone executing
path not exist
crone executing
path not exist
crone executing
path not exist
crone executing
path not exist
crone executing
path not exist
crone executing
path not exist
crone executing
path not exist
crone executing
path not exist
crone executing
path not exist
crone executing
path not exist
crone executing
path not exist
crone executing
path not exist
crone executing
path not exist
crone executing
path not exist
crone executing
path not exist
crone executing
path not exist
crone executing
path not exist
crone executing
path not exist
crone executing
path not exist
crone executing
path not exist
crone executing
path not exist
crone executing
path not exist
crone executing
path not exist
crone executing
path not exist
crone executing
path not exist
crone executing
path not exist
crone executing
path not exist
crone executing
path not exist
crone executing
path not exist
crone executing
path not exist
crone executing
path not exist
crone executing
path not exist
crone executing
path not exist
crone executing
path not exist
crone executing
path not exist
crone executing
path not exist
crone executing
path not exist
crone executing
path not exist
crone executing
path not exist
crone executing
path not exist
crone executing
path not exist
crone executing
path not exist
crone executing
path not exist
crone executing
path not exist
crone executing
path not exist
crone executing
path not exist
crone executing
path not exist
crone executing
path not exist
crone executing
path not exist
crone executing
path not exist
crone executing
path not exist
crone executing
path not exist
crone executing
path not exist
crone executing
path not exist
crone executing
path not exist
crone executing
path not exist
crone executing
path not exist
crone executing
path not exist
crone executing
path not exist
crone executing
path not exist
crone executing
path not exist
crone executing
path not exist
crone executing
path not exist
crone executing
path not exist
crone executing
path not exist
crone executing
path not exist
crone executing
path not exist
crone executing
path not exist
crone executing
path not exist
crone executing
path not exist
crone executing
path not exist
crone executing
path not exist
crone executing
path not exist
crone executing
path not exist
crone executing
path not exist
crone executing
path not exist
crone executing
path not exist
crone executing
path not exist
crone executing
path not exist
crone executing
path not exist
crone executing
path not exist
crone executing
path not exist
crone executing
path not exist
crone executing
path not exist
crone executing
path not exist
crone executing
path not exist
crone executing
path not exist
crone executing
path not exist
crone executing
path not exist
crone executing
path not exist
crone executing
path not exist
crone executing
path not exist
crone executing
path not exist
crone executing
path not exist
crone executing
path not exist
crone executing
path not exist
crone executing
path not exist
crone executing
path not exist
crone executing
path not exist
crone executing
path not exist
crone executing
path not exist
crone executing
path not exist
crone executing
path not exist
crone executing
path not exist
crone executing
path not exist
crone executing
path not exist
crone executing
path not exist
crone executing
path not exist
crone executing
path not exist
crone executing
path not exist
crone executing
path not exist
crone executing
path not exist
crone executing
path not exist
crone executing
path not exist
crone executing
path not exist
crone executing
path not exist
crone executing
path not exist
crone executing
path not exist
crone executing
path not exist
crone executing
path not exist
crone executing
path not exist
crone executing
path not exist
crone executing
path not exist
crone executing
path not exist
crone executing
path not exist
crone executing
path not exist
crone executing
path not exist
crone executing
path not exist
crone executing
path not exist
crone executing
path not exist
crone executing
path not exist
crone executing
path not exist
crone executing
path not exist
crone executing
path not exist
crone executing
path not exist
crone executing
path not exist
crone executing
path not exist
crone executing
path not exist
crone executing
path not exist
crone executing
path not exist
crone executing
path not exist
crone executing
path not exist
crone executing
path not exist
crone executing
path not exist
crone executing
path not exist
crone executing
path not exist
crone executing
path not exist
crone executing
path not exist
crone executing
path not exist
crone executing
path not exist
crone executing
path not exist
crone executing
path not exist
crone executing
path not exist
crone executing
path not exist
crone executing
path not exist
crone executing
path not exist
crone executing
path not exist
crone executing
path not exist
crone executing
path not exist
crone executing
path not exist
crone executing
path not exist
crone executing
path not exist
crone executing
path not exist
crone executing
path not exist
crone executing
path not exist
crone executing
path not exist
crone executing
path not exist
crone executing
path not exist
crone executing
path not exist
crone executing
path not exist
crone executing
path not exist
crone executing
path not exist
crone executing
path not exist
crone executing
path not exist
crone executing
path not exist
crone executing
path not exist
crone executing
path not exist
crone executing
path not exist
crone executing
path not exist
crone executing
path not exist
crone executing
path not exist
crone executing
path not exist
crone executing
path not exist
crone executing
path not exist
crone executing
path not exist
crone executing
path not exist
crone executing
path not exist
crone executing
path not exist
crone executing
path not exist
crone executing
path not exist
crone executing
path not exist
crone executing
path not exist
crone executing
path not exist
crone executing
path not exist
crone executing
path not exist
crone executing
path not exist
crone executing
path not exist
crone executing
path not exist
crone executing
path not exist
crone executing
path not exist
crone executing
path not exist
crone executing
path not exist
crone executing
path not exist
crone executing
path not exist
crone executing
path not exist
crone executing
path not exist
crone executing
path not exist
crone executing
path not exist
crone executing
path not exist
crone executing
path not exist
crone executing
path not exist
crone executing
path not exist
crone executing
path not exist
crone executing
path not exist
crone executing
path not exist
crone executing
path not exist
crone executing
path not exist
crone executing
path not exist
crone executing
path not exist
crone executing
path not exist
crone executing
path not exist
crone executing
path not exist
crone executing
path not exist
crone executing
path not exist
crone executing
path not exist
crone executing
path not exist
crone executing
path not exist
crone executing
path not exist
crone executing
path not exist
crone executing
path not exist
crone executing
path not exist
crone executing
path not exist
crone executing
path not exist
crone executing
path not exist
crone executing
path not exist
crone executing
path not exist
crone executing
path not exist
crone executing
path not exist
crone executing
path not exist
crone executing
path not exist
crone executing
path not exist
crone executing
path not exist
crone executing
path not exist
crone executing
path not exist
crone executing
path not exist
crone executing
path not exist
crone executing
path not exist
crone executing
path not exist
crone executing
path not exist
crone executing
path not exist
crone executing
path not exist
crone executing
path not exist
crone executing
path not exist
crone executing
path not exist
crone executing
path not exist
crone executing
path not exist
crone executing
path not exist
crone executing
path not exist
crone executing
path not exist
crone executing
path not exist
crone executing
<module 'posixpath' from '/home/cdms_backend/cdms_venv/lib/python3.6/posixpath.py'>
path not exist
crone executing
<module 'posixpath' from '/home/cdms_backend/cdms_venv/lib/python3.6/posixpath.py'>
path not exist
crone executing
<module 'posixpath' from '/home/cdms_backend/cdms_venv/lib/python3.6/posixpath.py'>
path not exist
crone executing
/home/dcdbs
path not exist
crone executing
/home/dcdbs
path not exist
crone executing
/home/dcdbs
path not exist
crone executing
/home/dcdbs
path not exist
crone executing
/home/dcdbs
path not exist
crone executing
/home/dcdbs
path not exist
crone executing
/home/dcdbs
path not exist
crone executing
/home/dcdbs
path not exist
crone executing
/home/dcdbs
path not exist
crone executing
chchchch767676766666666666666666666666666666666666666667777777777777777777
crone executing
chchchch767676766666666666666666666666666666666666666667777777777777777777
crone executing
chchchch767676766666666666666666666666666666666666666667777777777777777777
crone executing
chchchch767676766666666666666666666666666666666666666667777777777777777777
crone executing
chchchch767676766666666666666666666666666666666666666667777777777777777777
crone executing
chchchch767676766666666666666666666666666666666666666667777777777777777777
crone executing
chchchch767676766666666666666666666666666666666666666667777777777777777777
crone executing at 2020-11-19 04:53:03.106361
chchchch767676766666666666666666666666666666666666666667777777777777777777
crone executing at 2020-11-19 11:30:03.709567
chchchch767676766666666666666666666666666666666666666667777777777777777777
crone executing at 2020-11-19 11:31:03.897538
chchchch767676766666666666666666666666666666666666666667777777777777777777
crone executing at 2020-11-19 11:32:03.110238
chchchch767676766666666666666666666666666666666666666667777777777777777777
crone executing at 2020-11-20 07:30:02.942726
chchchch767676766666666666666666666666666666666666666667777777777777777777
crone executing at 2020-11-21 07:30:03.604001
chchchch767676766666666666666666666666666666666666666667777777777777777777
crone executing at 2020-11-22 07:30:03.357930
chchchch767676766666666666666666666666666666666666666667777777777777777777
crone executing at 2020-11-23 07:30:03.647811
chchchch767676766666666666666666666666666666666666666667777777777777777777
crone executing at 2020-11-24 07:30:03.544525
chchchch767676766666666666666666666666666666666666666667777777777777777777
crone executing at 2020-11-25 07:30:03.278840
chchchch767676766666666666666666666666666666666666666667777777777777777777
crone executing at 2020-11-26 07:30:02.959645
chchchch767676766666666666666666666666666666666666666667777777777777777777
crone executing at 2020-11-27 07:30:03.542139
chchchch767676766666666666666666666666666666666666666667777777777777777777
crone executing at 2020-11-28 07:30:03.283489
chchchch767676766666666666666666666666666666666666666667777777777777777777
crone executing at 2020-11-29 07:30:03.058652
chchchch767676766666666666666666666666666666666666666667777777777777777777
crone executing at 2020-11-30 07:30:03.740812
chchchch767676766666666666666666666666666666666666666667777777777777777777
crone executing at 2020-12-01 07:30:03.335176
chchchch767676766666666666666666666666666666666666666667777777777777777777
crone executing at 2020-12-02 07:30:03.721817
chchchch767676766666666666666666666666666666666666666667777777777777777777
crone executing at 2020-12-03 07:30:03.702690
chchchch767676766666666666666666666666666666666666666667777777777777777777
crone executing at 2020-12-04 07:30:03.644716
chchchch767676766666666666666666666666666666666666666667777777777777777777
crone executing at 2020-12-05 07:30:03.616153
chchchch767676766666666666666666666666666666666666666667777777777777777777
crone executing at 2020-12-06 07:30:03.284376
chchchch767676766666666666666666666666666666666666666667777777777777777777
crone executing at 2020-12-07 07:30:03.625266
chchchch767676766666666666666666666666666666666666666667777777777777777777
crone executing at 2020-12-08 07:30:11.016094
chchchch767676766666666666666666666666666666666666666667777777777777777777
crone executing at 2020-12-09 07:30:11.753679
chchchch767676766666666666666666666666666666666666666667777777777777777777
crone executing at 2020-12-10 07:30:11.023658
chchchch767676766666666666666666666666666666666666666667777777777777777777
crone executing at 2020-12-11 07:30:03.654664
chchchch767676766666666666666666666666666666666666666667777777777777777777
crone executing at 2020-12-12 07:30:04.271554
chchchch767676766666666666666666666666666666666666666667777777777777777777
crone executing at 2020-12-13 07:30:03.479906
chchchch767676766666666666666666666666666666666666666667777777777777777777
crone executing at 2020-12-14 07:30:04.283646
chchchch767676766666666666666666666666666666666666666667777777777777777777
crone executing at 2020-12-15 07:30:04.119638
chchchch767676766666666666666666666666666666666666666667777777777777777777
crone executing at 2020-12-16 07:30:03.932735
chchchch767676766666666666666666666666666666666666666667777777777777777777
crone executing at 2020-12-17 07:30:03.717719
chchchch767676766666666666666666666666666666666666666667777777777777777777
crone executing at 2020-12-18 07:30:04.283716
chchchch767676766666666666666666666666666666666666666667777777777777777777
crone executing at 2020-12-19 07:30:03.928806
chchchch767676766666666666666666666666666666666666666667777777777777777777
crone executing at 2020-12-20 07:30:03.627896
chchchch767676766666666666666666666666666666666666666667777777777777777777
crone executing at 2020-12-21 07:30:03.568252
chchchch767676766666666666666666666666666666666666666667777777777777777777
crone executing at 2020-12-22 07:30:03.423464
chchchch767676766666666666666666666666666666666666666667777777777777777777
crone executing at 2020-12-23 07:30:03.968801
chchchch767676766666666666666666666666666666666666666667777777777777777777
crone executing at 2020-12-24 07:30:03.544747
chchchch767676766666666666666666666666666666666666666667777777777777777777
crone executing at 2020-12-25 07:30:03.894142
chchchch767676766666666666666666666666666666666666666667777777777777777777
crone executing at 2020-12-26 07:30:03.611961
chchchch767676766666666666666666666666666666666666666667777777777777777777
crone executing at 2020-12-27 07:30:04.214508
chchchch767676766666666666666666666666666666666666666667777777777777777777
crone executing at 2020-12-28 07:30:04.045288
chchchch767676766666666666666666666666666666666666666667777777777777777777
crone executing at 2020-12-29 07:30:03.520442
chchchch767676766666666666666666666666666666666666666667777777777777777777
crone executing at 2020-12-30 07:30:04.018127
chchchch767676766666666666666666666666666666666666666667777777777777777777
crone executing at 2020-12-31 07:30:03.615245
chchchch767676766666666666666666666666666666666666666667777777777777777777
crone executing at 2021-01-01 07:30:04.102517
chchchch767676766666666666666666666666666666666666666667777777777777777777
crone executing at 2021-01-02 07:30:03.870903
chchchch767676766666666666666666666666666666666666666667777777777777777777
crone executing at 2021-01-03 07:30:04.380456
chchchch767676766666666666666666666666666666666666666667777777777777777777
crone executing at 2021-01-04 07:30:04.022306
chchchch767676766666666666666666666666666666666666666667777777777777777777
crone executing at 2021-01-05 07:30:03.716159
chchchch767676766666666666666666666666666666666666666667777777777777777777
crone executing at 2021-01-06 07:30:04.348932
chchchch767676766666666666666666666666666666666666666667777777777777777777
crone executing at 2021-01-07 07:30:04.050267
chchchch767676766666666666666666666666666666666666666667777777777777777777
crone executing at 2021-01-08 07:30:03.774244
chchchch767676766666666666666666666666666666666666666667777777777777777777
crone executing at 2021-01-09 07:30:03.549283
chchchch767676766666666666666666666666666666666666666667777777777777777777
crone executing at 2021-01-10 07:30:04.246679
chchchch767676766666666666666666666666666666666666666667777777777777777777
crone executing at 2021-01-11 07:30:03.928128
chchchch767676766666666666666666666666666666666666666667777777777777777777
crone executing at 2021-01-12 07:30:03.603380
chchchch767676766666666666666666666666666666666666666667777777777777777777
crone executing at 2021-01-13 07:30:03.597144
chchchch767676766666666666666666666666666666666666666667777777777777777777
crone executing at 2021-01-14 07:30:04.212272
chchchch767676766666666666666666666666666666666666666667777777777777777777
crone executing at 2021-01-15 07:30:03.475807
chchchch767676766666666666666666666666666666666666666667777777777777777777
crone executing at 2021-01-16 07:30:03.836851
chchchch767676766666666666666666666666666666666666666667777777777777777777
crone executing at 2021-01-17 07:30:04.330445
chchchch767676766666666666666666666666666666666666666667777777777777777777
crone executing at 2021-01-18 07:30:04.114210
chchchch767676766666666666666666666666666666666666666667777777777777777777
crone executing at 2021-01-19 07:30:03.441458
chchchch767676766666666666666666666666666666666666666667777777777777777777
crone executing at 2021-01-20 06:00:03.809171
chchchch767676766666666666666666666666666666666666666667777777777777777777
crone executing at 2021-01-21 06:00:04.184424
chchchch767676766666666666666666666666666666666666666667777777777777777777
crone executing at 2021-01-22 06:00:03.832802
chchchch767676766666666666666666666666666666666666666667777777777777777777
crone executing at 2021-01-23 06:00:04.253147
chchchch767676766666666666666666666666666666666666666667777777777777777777
crone executing at 2021-01-24 06:00:03.699363
chchchch767676766666666666666666666666666666666666666667777777777777777777
crone executing at 2021-01-25 06:00:03.783248
chchchch767676766666666666666666666666666666666666666667777777777777777777
crone executing at 2021-01-26 06:00:04.330393
chchchch767676766666666666666666666666666666666666666667777777777777777777
crone executing at 2021-01-27 06:00:04.013907
chchchch767676766666666666666666666666666666666666666667777777777777777777
crone executing at 2021-01-28 06:00:04.355875
chchchch767676766666666666666666666666666666666666666667777777777777777777
crone executing at 2021-01-29 06:00:03.592639
chchchch767676766666666666666666666666666666666666666667777777777777777777
crone executing at 2021-01-30 06:00:04.079428
chchchch767676766666666666666666666666666666666666666667777777777777777777
crone executing at 2021-01-31 06:00:04.359785
chchchch767676766666666666666666666666666666666666666667777777777777777777
crone executing at 2021-02-01 06:00:04.019112
chchchch767676766666666666666666666666666666666666666667777777777777777777
crone executing at 2021-02-02 06:00:03.540069
chchchch767676766666666666666666666666666666666666666667777777777777777777
crone executing at 2021-02-03 06:00:04.068876
chchchch767676766666666666666666666666666666666666666667777777777777777777
crone executing at 2021-02-04 06:00:03.522354
chchchch767676766666666666666666666666666666666666666667777777777777777777
crone executing at 2021-02-05 06:00:03.824878
chchchch767676766666666666666666666666666666666666666667777777777777777777
crone executing at 2021-02-06 06:00:04.314027
chchchch767676766666666666666666666666666666666666666667777777777777777777
crone executing at 2021-02-07 06:00:03.778470
chchchch767676766666666666666666666666666666666666666667777777777777777777
crone executing at 2021-02-08 06:00:03.444715
chchchch767676766666666666666666666666666666666666666667777777777777777777
crone executing at 2021-02-09 06:00:03.951919
chchchch767676766666666666666666666666666666666666666667777777777777777777
crone executing at 2021-02-10 06:00:04.333408
chchchch767676766666666666666666666666666666666666666667777777777777777777
crone executing at 2021-02-11 06:00:03.863974
chchchch767676766666666666666666666666666666666666666667777777777777777777
crone executing at 2021-02-12 06:00:03.774586
chchchch767676766666666666666666666666666666666666666667777777777777777777
crone executing at 2021-02-13 06:00:03.680908
chchchch767676766666666666666666666666666666666666666667777777777777777777
crone executing at 2021-02-14 06:00:04.139095
chchchch767676766666666666666666666666666666666666666667777777777777777777
crone executing at 2021-02-15 06:00:04.113605
chchchch767676766666666666666666666666666666666666666667777777777777777777
crone executing at 2021-02-16 06:00:03.934242
chchchch767676766666666666666666666666666666666666666667777777777777777777
crone executing at 2021-02-17 06:00:04.463577
chchchch767676766666666666666666666666666666666666666667777777777777777777
crone executing at 2021-02-18 06:00:04.010982
chchchch767676766666666666666666666666666666666666666667777777777777777777
crone executing at 2021-02-19 06:00:03.998648
chchchch767676766666666666666666666666666666666666666667777777777777777777
crone executing at 2021-02-20 06:00:03.992083
chchchch767676766666666666666666666666666666666666666667777777777777777777
crone executing at 2021-02-21 06:00:04.231976
chchchch767676766666666666666666666666666666666666666667777777777777777777
crone executing at 2021-02-22 06:00:03.951530
chchchch767676766666666666666666666666666666666666666667777777777777777777
crone executing at 2021-02-23 06:00:03.879290
chchchch767676766666666666666666666666666666666666666667777777777777777777
crone executing at 2021-02-24 06:00:04.076095
chchchch767676766666666666666666666666666666666666666667777777777777777777
crone executing at 2021-02-25 06:00:04.383063
chchchch767676766666666666666666666666666666666666666667777777777777777777
crone executing at 2021-02-26 06:00:04.271188
chchchch767676766666666666666666666666666666666666666667777777777777777777
crone executing at 2021-02-27 06:00:04.201671
chchchch767676766666666666666666666666666666666666666667777777777777777777
crone executing at 2021-02-28 06:00:03.978484
chchchch767676766666666666666666666666666666666666666667777777777777777777
crone executing at 2021-03-01 06:00:03.575337
chchchch767676766666666666666666666666666666666666666667777777777777777777
crone executing at 2021-03-02 06:00:03.554684
chchchch767676766666666666666666666666666666666666666667777777777777777777
crone executing at 2021-03-03 06:00:04.121958
chchchch767676766666666666666666666666666666666666666667777777777777777777
crone executing at 2021-03-04 06:00:04.332828
chchchch767676766666666666666666666666666666666666666667777777777777777777
crone executing at 2021-03-05 06:00:03.611406
chchchch767676766666666666666666666666666666666666666667777777777777777777
crone executing at 2021-03-06 06:00:04.380661
chchchch767676766666666666666666666666666666666666666667777777777777777777
crone executing at 2021-03-07 06:00:04.315206
chchchch767676766666666666666666666666666666666666666667777777777777777777
crone executing at 2021-03-08 06:00:04.013489
chchchch767676766666666666666666666666666666666666666667777777777777777777
crone executing at 2021-03-09 06:00:03.857263
chchchch767676766666666666666666666666666666666666666667777777777777777777
crone executing at 2021-03-10 06:00:03.863548
chchchch767676766666666666666666666666666666666666666667777777777777777777
crone executing at 2021-03-11 06:00:04.235741
chchchch767676766666666666666666666666666666666666666667777777777777777777
crone executing at 2021-03-12 06:00:04.173073
chchchch767676766666666666666666666666666666666666666667777777777777777777
crone executing at 2021-03-13 06:00:03.947230
chchchch767676766666666666666666666666666666666666666667777777777777777777
crone executing at 2021-03-14 06:00:04.027040
chchchch767676766666666666666666666666666666666666666667777777777777777777
crone executing at 2021-03-15 06:00:04.450655
chchchch767676766666666666666666666666666666666666666667777777777777777777
crone executing at 2021-03-16 06:00:04.301124
chchchch767676766666666666666666666666666666666666666667777777777777777777
crone executing at 2021-03-17 06:00:04.293984
chchchch767676766666666666666666666666666666666666666667777777777777777777
crone executing at 2021-03-18 06:00:04.466218
chchchch767676766666666666666666666666666666666666666667777777777777777777
crone executing at 2021-03-19 06:00:03.754051
chchchch767676766666666666666666666666666666666666666667777777777777777777
crone executing at 2021-03-20 06:00:03.759204
chchchch767676766666666666666666666666666666666666666667777777777777777777
crone executing at 2021-03-21 06:00:03.913217
chchchch767676766666666666666666666666666666666666666667777777777777777777
crone executing at 2021-03-22 06:00:04.105576
chchchch767676766666666666666666666666666666666666666667777777777777777777
crone executing at 2021-03-23 06:00:04.201904
chchchch767676766666666666666666666666666666666666666667777777777777777777
crone executing at 2021-03-24 06:00:04.525855
chchchch767676766666666666666666666666666666666666666667777777777777777777
crone executing at 2021-03-25 06:00:04.131915
chchchch767676766666666666666666666666666666666666666667777777777777777777
crone executing at 2021-03-26 06:00:04.646127
chchchch767676766666666666666666666666666666666666666667777777777777777777
crone executing at 2021-03-27 06:00:04.476314
chchchch767676766666666666666666666666666666666666666667777777777777777777
crone executing at 2021-03-28 06:00:04.012783
chchchch767676766666666666666666666666666666666666666667777777777777777777
crone executing at 2021-03-29 06:00:04.176744
chchchch767676766666666666666666666666666666666666666667777777777777777777
crone executing at 2021-03-30 06:00:03.672020
chchchch767676766666666666666666666666666666666666666667777777777777777777
crone executing at 2021-03-31 06:00:03.911967
chchchch767676766666666666666666666666666666666666666667777777777777777777
crone executing at 2021-04-01 06:00:03.699051
chchchch767676766666666666666666666666666666666666666667777777777777777777
crone executing at 2021-04-02 06:00:03.643966
chchchch767676766666666666666666666666666666666666666667777777777777777777
crone executing at 2021-04-03 06:00:03.770540
chchchch767676766666666666666666666666666666666666666667777777777777777777
crone executing at 2021-04-04 06:00:04.065601
chchchch767676766666666666666666666666666666666666666667777777777777777777
crone executing at 2021-04-05 06:00:04.459340
chchchch767676766666666666666666666666666666666666666667777777777777777777
crone executing at 2021-04-06 06:00:04.566968
chchchch767676766666666666666666666666666666666666666667777777777777777777
crone executing at 2021-04-07 06:00:04.027676
chchchch767676766666666666666666666666666666666666666667777777777777777777
crone executing at 2021-04-08 06:00:04.380452
chchchch767676766666666666666666666666666666666666666667777777777777777777
crone executing at 2021-04-09 06:00:04.021954
chchchch767676766666666666666666666666666666666666666667777777777777777777
crone executing at 2021-04-10 06:00:03.931231
chchchch767676766666666666666666666666666666666666666667777777777777777777
crone executing at 2021-04-11 06:00:04.093735
chchchch767676766666666666666666666666666666666666666667777777777777777777
crone executing at 2021-04-12 06:00:03.768080
chchchch767676766666666666666666666666666666666666666667777777777777777777
crone executing at 2021-04-13 06:00:04.314446
chchchch767676766666666666666666666666666666666666666667777777777777777777
crone executing at 2021-04-14 06:00:04.248802
chchchch767676766666666666666666666666666666666666666667777777777777777777
crone executing at 2021-04-15 06:00:04.168432
chchchch767676766666666666666666666666666666666666666667777777777777777777
crone executing at 2021-04-16 06:00:03.872318
chchchch767676766666666666666666666666666666666666666667777777777777777777
crone executing at 2021-04-17 06:00:04.280838
chchchch767676766666666666666666666666666666666666666667777777777777777777
crone executing at 2021-04-18 06:00:04.023191
chchchch767676766666666666666666666666666666666666666667777777777777777777
crone executing at 2021-04-19 06:00:04.235246
chchchch767676766666666666666666666666666666666666666667777777777777777777
crone executing at 2021-04-20 06:00:04.005966
chchchch767676766666666666666666666666666666666666666667777777777777777777
crone executing at 2021-04-21 06:00:04.451834
chchchch767676766666666666666666666666666666666666666667777777777777777777
crone executing at 2021-04-22 06:00:04.521214
chchchch767676766666666666666666666666666666666666666667777777777777777777
crone executing at 2021-04-23 06:00:04.011664
chchchch767676766666666666666666666666666666666666666667777777777777777777
crone executing at 2021-04-24 06:00:03.733342
chchchch767676766666666666666666666666666666666666666667777777777777777777
crone executing at 2021-04-25 06:00:04.388520
chchchch767676766666666666666666666666666666666666666667777777777777777777
crone executing at 2021-04-26 06:00:04.494000
chchchch767676766666666666666666666666666666666666666667777777777777777777
crone executing at 2021-04-27 06:00:04.247790
chchchch767676766666666666666666666666666666666666666667777777777777777777
crone executing at 2021-04-28 06:00:04.533344
chchchch767676766666666666666666666666666666666666666667777777777777777777
crone executing at 2021-04-29 06:00:04.301365
chchchch767676766666666666666666666666666666666666666667777777777777777777
crone executing at 2021-04-30 06:00:04.207901
chchchch767676766666666666666666666666666666666666666667777777777777777777
crone executing at 2021-05-01 06:00:03.549107
chchchch767676766666666666666666666666666666666666666667777777777777777777
crone executing at 2021-05-02 06:00:03.759880
chchchch767676766666666666666666666666666666666666666667777777777777777777
crone executing at 2021-05-03 06:00:04.405743
chchchch767676766666666666666666666666666666666666666667777777777777777777
crone executing at 2021-05-04 06:00:03.994755
chchchch767676766666666666666666666666666666666666666667777777777777777777
crone executing at 2021-05-05 06:00:03.775237
chchchch767676766666666666666666666666666666666666666667777777777777777777
crone executing at 2021-05-06 06:00:04.096231
chchchch767676766666666666666666666666666666666666666667777777777777777777
crone executing at 2021-05-07 06:00:03.663028
chchchch767676766666666666666666666666666666666666666667777777777777777777
crone executing at 2021-05-08 06:00:03.763455
chchchch767676766666666666666666666666666666666666666667777777777777777777
crone executing at 2021-05-09 06:00:03.786085
chchchch767676766666666666666666666666666666666666666667777777777777777777
crone executing at 2021-05-10 06:00:03.788090
chchchch767676766666666666666666666666666666666666666667777777777777777777
crone executing at 2021-05-11 06:00:04.337173
chchchch767676766666666666666666666666666666666666666667777777777777777777
crone executing at 2021-05-12 06:00:03.808141
chchchch767676766666666666666666666666666666666666666667777777777777777777
crone executing at 2021-05-13 06:00:04.307888
chchchch767676766666666666666666666666666666666666666667777777777777777777
crone executing at 2021-05-14 06:00:03.882413
chchchch767676766666666666666666666666666666666666666667777777777777777777
crone executing at 2021-05-15 06:00:03.910584
chchchch767676766666666666666666666666666666666666666667777777777777777777
crone executing at 2021-05-16 06:00:03.886772
chchchch767676766666666666666666666666666666666666666667777777777777777777
crone executing at 2021-05-17 06:00:03.914685
chchchch767676766666666666666666666666666666666666666667777777777777777777
crone executing at 2021-05-18 06:00:04.324636
chchchch767676766666666666666666666666666666666666666667777777777777777777
crone executing at 2021-05-19 06:00:04.346881
chchchch767676766666666666666666666666666666666666666667777777777777777777
crone executing at 2021-05-20 06:00:04.252114
chchchch767676766666666666666666666666666666666666666667777777777777777777
crone executing at 2021-05-21 06:00:03.998745
chchchch767676766666666666666666666666666666666666666667777777777777777777
crone executing at 2021-05-22 06:00:04.050249
chchchch767676766666666666666666666666666666666666666667777777777777777777
crone executing at 2021-05-23 06:00:03.713746
chchchch767676766666666666666666666666666666666666666667777777777777777777
crone executing at 2021-05-24 06:00:04.097046
chchchch767676766666666666666666666666666666666666666667777777777777777777
crone executing at 2021-05-25 06:00:03.880305
chchchch767676766666666666666666666666666666666666666667777777777777777777
crone executing at 2021-05-26 06:00:03.653839
chchchch767676766666666666666666666666666666666666666667777777777777777777
crone executing at 2021-05-27 06:00:03.929827
chchchch767676766666666666666666666666666666666666666667777777777777777777
crone executing at 2021-05-28 06:00:03.538001
chchchch767676766666666666666666666666666666666666666667777777777777777777
crone executing at 2021-05-29 06:00:03.997658
chchchch767676766666666666666666666666666666666666666667777777777777777777
crone executing at 2021-05-30 06:00:03.637150
chchchch767676766666666666666666666666666666666666666667777777777777777777
crone executing at 2021-05-31 06:00:03.535011
chchchch767676766666666666666666666666666666666666666667777777777777777777
crone executing at 2021-06-01 06:00:03.773743
chchchch767676766666666666666666666666666666666666666667777777777777777777
crone executing at 2021-06-02 06:00:04.196649
chchchch767676766666666666666666666666666666666666666667777777777777777777
crone executing at 2021-06-03 06:00:04.378227
chchchch767676766666666666666666666666666666666666666667777777777777777777
crone executing at 2021-06-04 06:00:03.835624
chchchch767676766666666666666666666666666666666666666667777777777777777777
crone executing at 2021-06-05 06:00:04.299707
chchchch767676766666666666666666666666666666666666666667777777777777777777
crone executing at 2021-06-06 06:00:03.628016
chchchch767676766666666666666666666666666666666666666667777777777777777777
crone executing at 2021-06-07 06:00:03.684408
chchchch767676766666666666666666666666666666666666666667777777777777777777
crone executing at 2021-06-08 06:00:04.094245
chchchch767676766666666666666666666666666666666666666667777777777777777777
crone executing at 2021-06-09 06:00:03.646703
chchchch767676766666666666666666666666666666666666666667777777777777777777
crone executing at 2021-06-10 06:00:03.891673
chchchch767676766666666666666666666666666666666666666667777777777777777777
crone executing at 2021-06-11 06:00:04.130234
chchchch767676766666666666666666666666666666666666666667777777777777777777
crone executing at 2021-06-12 06:00:04.311079
chchchch767676766666666666666666666666666666666666666667777777777777777777
crone executing at 2021-06-13 06:00:04.367399
chchchch767676766666666666666666666666666666666666666667777777777777777777
crone executing at 2021-06-14 06:00:04.069240
chchchch767676766666666666666666666666666666666666666667777777777777777777
crone executing at 2021-06-15 06:00:03.920854
chchchch767676766666666666666666666666666666666666666667777777777777777777
crone executing at 2021-06-16 06:00:04.414993
chchchch767676766666666666666666666666666666666666666667777777777777777777
crone executing at 2021-06-17 06:00:03.502741
chchchch767676766666666666666666666666666666666666666667777777777777777777
crone executing at 2021-06-18 06:00:04.224892
chchchch767676766666666666666666666666666666666666666667777777777777777777
crone executing at 2021-06-19 06:00:03.818299
chchchch767676766666666666666666666666666666666666666667777777777777777777
crone executing at 2021-06-20 06:00:04.087353
chchchch767676766666666666666666666666666666666666666667777777777777777777
crone executing at 2021-06-21 06:00:03.887499
chchchch767676766666666666666666666666666666666666666667777777777777777777
crone executing at 2021-06-22 06:00:04.367852
chchchch767676766666666666666666666666666666666666666667777777777777777777
crone executing at 2021-06-23 06:00:04.308779
chchchch767676766666666666666666666666666666666666666667777777777777777777
crone executing at 2021-06-24 06:00:03.633837
chchchch767676766666666666666666666666666666666666666667777777777777777777
crone executing at 2021-06-25 06:00:04.419217
chchchch767676766666666666666666666666666666666666666667777777777777777777
crone executing at 2021-06-26 06:00:04.130736
chchchch767676766666666666666666666666666666666666666667777777777777777777
crone executing at 2021-06-27 06:00:03.773960
chchchch767676766666666666666666666666666666666666666667777777777777777777
crone executing at 2021-06-28 06:00:04.379924
chchchch767676766666666666666666666666666666666666666667777777777777777777
crone executing at 2021-06-29 06:00:03.654036
chchchch767676766666666666666666666666666666666666666667777777777777777777
crone executing at 2021-06-30 06:00:04.357791
chchchch767676766666666666666666666666666666666666666667777777777777777777
crone executing at 2021-07-01 06:00:03.568111
chchchch767676766666666666666666666666666666666666666667777777777777777777
crone executing at 2021-07-02 06:00:03.638804
chchchch767676766666666666666666666666666666666666666667777777777777777777
crone executing at 2021-07-03 06:00:03.708931
chchchch767676766666666666666666666666666666666666666667777777777777777777
crone executing at 2021-07-04 06:00:03.830694
chchchch767676766666666666666666666666666666666666666667777777777777777777
crone executing at 2021-07-05 06:00:04.261430
chchchch767676766666666666666666666666666666666666666667777777777777777777
crone executing at 2021-07-06 06:00:03.795565
chchchch767676766666666666666666666666666666666666666667777777777777777777
crone executing at 2021-07-07 06:00:04.298836
chchchch767676766666666666666666666666666666666666666667777777777777777777
crone executing at 2021-07-08 06:00:04.236447
chchchch767676766666666666666666666666666666666666666667777777777777777777
crone executing at 2021-07-09 06:00:04.063697
chchchch767676766666666666666666666666666666666666666667777777777777777777
crone executing at 2021-07-10 06:00:04.096458
chchchch767676766666666666666666666666666666666666666667777777777777777777
crone executing at 2021-07-11 06:00:03.849918
chchchch767676766666666666666666666666666666666666666667777777777777777777
crone executing at 2021-07-12 06:00:04.220778
chchchch767676766666666666666666666666666666666666666667777777777777777777
crone executing at 2021-07-13 06:00:03.664125
chchchch767676766666666666666666666666666666666666666667777777777777777777
crone executing at 2021-07-14 06:00:04.525710
chchchch767676766666666666666666666666666666666666666667777777777777777777
crone executing at 2021-07-15 06:00:03.899356
chchchch767676766666666666666666666666666666666666666667777777777777777777
crone executing at 2021-07-16 06:00:04.339830
chchchch767676766666666666666666666666666666666666666667777777777777777777
crone executing at 2021-07-17 06:00:03.602024
chchchch767676766666666666666666666666666666666666666667777777777777777777
crone executing at 2021-07-18 06:00:04.075763
chchchch767676766666666666666666666666666666666666666667777777777777777777
crone executing at 2021-07-19 06:00:04.178858
chchchch767676766666666666666666666666666666666666666667777777777777777777
crone executing at 2021-07-20 06:00:03.628754
chchchch767676766666666666666666666666666666666666666667777777777777777777
crone executing at 2021-07-21 06:00:03.790087
chchchch767676766666666666666666666666666666666666666667777777777777777777
crone executing at 2021-07-22 06:00:04.425762
chchchch767676766666666666666666666666666666666666666667777777777777777777
crone executing at 2021-07-23 06:00:03.660583
chchchch767676766666666666666666666666666666666666666667777777777777777777
crone executing at 2021-07-24 06:00:04.450484
chchchch767676766666666666666666666666666666666666666667777777777777777777
crone executing at 2021-07-25 06:00:03.927848
chchchch767676766666666666666666666666666666666666666667777777777777777777
crone executing at 2021-07-26 06:00:04.437341
chchchch767676766666666666666666666666666666666666666667777777777777777777
crone executing at 2021-07-27 06:00:03.630160
chchchch767676766666666666666666666666666666666666666667777777777777777777
crone executing at 2021-07-28 06:00:03.622578
chchchch767676766666666666666666666666666666666666666667777777777777777777
crone executing at 2021-07-29 06:00:04.460142
chchchch767676766666666666666666666666666666666666666667777777777777777777
crone executing at 2021-07-30 06:00:03.977470
chchchch767676766666666666666666666666666666666666666667777777777777777777
crone executing at 2021-07-31 06:00:04.314224
chchchch767676766666666666666666666666666666666666666667777777777777777777
crone executing at 2021-08-01 06:00:04.067853
chchchch767676766666666666666666666666666666666666666667777777777777777777
crone executing at 2021-08-02 06:00:04.210728
chchchch767676766666666666666666666666666666666666666667777777777777777777
crone executing at 2021-08-03 06:00:04.426366
chchchch767676766666666666666666666666666666666666666667777777777777777777
crone executing at 2021-08-04 06:00:03.799358
chchchch767676766666666666666666666666666666666666666667777777777777777777
crone executing at 2021-08-05 06:00:03.900628
chchchch767676766666666666666666666666666666666666666667777777777777777777
crone executing at 2021-08-06 06:00:04.539878
chchchch767676766666666666666666666666666666666666666667777777777777777777
crone executing at 2021-08-07 06:00:04.118603
chchchch767676766666666666666666666666666666666666666667777777777777777777
crone executing at 2021-08-08 06:00:04.400167
chchchch767676766666666666666666666666666666666666666667777777777777777777
crone executing at 2021-08-09 06:00:03.894111
chchchch767676766666666666666666666666666666666666666667777777777777777777
crone executing at 2021-08-10 06:00:04.396333
chchchch767676766666666666666666666666666666666666666667777777777777777777
crone executing at 2021-08-11 06:00:04.383279
chchchch767676766666666666666666666666666666666666666667777777777777777777
crone executing at 2021-08-12 06:00:03.989470
chchchch767676766666666666666666666666666666666666666667777777777777777777
crone executing at 2021-08-13 06:00:03.929613
chchchch767676766666666666666666666666666666666666666667777777777777777777
crone executing at 2021-08-14 06:00:03.763292
chchchch767676766666666666666666666666666666666666666667777777777777777777
crone executing at 2021-08-15 06:00:04.024360
chchchch767676766666666666666666666666666666666666666667777777777777777777
crone executing at 2021-08-16 06:00:03.592384
chchchch767676766666666666666666666666666666666666666667777777777777777777
crone executing at 2021-08-17 06:00:04.163914
chchchch767676766666666666666666666666666666666666666667777777777777777777
crone executing at 2021-08-18 06:00:04.250123
chchchch767676766666666666666666666666666666666666666667777777777777777777
crone executing at 2021-08-19 06:00:04.494509
chchchch767676766666666666666666666666666666666666666667777777777777777777
crone executing at 2021-08-20 06:00:04.615179
chchchch767676766666666666666666666666666666666666666667777777777777777777
crone executing at 2021-08-21 06:00:03.770272
chchchch767676766666666666666666666666666666666666666667777777777777777777
crone executing at 2021-08-22 06:00:03.553796
chchchch767676766666666666666666666666666666666666666667777777777777777777
crone executing at 2021-08-23 06:00:03.715713
chchchch767676766666666666666666666666666666666666666667777777777777777777
crone executing at 2021-08-24 06:00:03.713686
chchchch767676766666666666666666666666666666666666666667777777777777777777
crone executing at 2021-08-25 06:00:03.604406
chchchch767676766666666666666666666666666666666666666667777777777777777777
crone executing at 2021-08-26 06:00:04.200053
chchchch767676766666666666666666666666666666666666666667777777777777777777
crone executing at 2021-08-27 06:00:04.513627
chchchch767676766666666666666666666666666666666666666667777777777777777777
System check identified some issues:

WARNINGS:
?: (guardian.W001) Guardian authentication backend is not hooked. You can add this in settings as eg: `AUTHENTICATION_BACKENDS = ('django.contrib.auth.backends.ModelBackend', 'guardian.backends.ObjectPermissionBackend')`.
crone executing at 2021-08-28 06:00:04.026190
chchchch767676766666666666666666666666666666666666666667777777777777777777
System check identified some issues:

WARNINGS:
?: (guardian.W001) Guardian authentication backend is not hooked. You can add this in settings as eg: `AUTHENTICATION_BACKENDS = ('django.contrib.auth.backends.ModelBackend', 'guardian.backends.ObjectPermissionBackend')`.
crone executing at 2021-08-29 06:00:04.130651
chchchch767676766666666666666666666666666666666666666667777777777777777777
System check identified some issues:

WARNINGS:
?: (guardian.W001) Guardian authentication backend is not hooked. You can add this in settings as eg: `AUTHENTICATION_BACKENDS = ('django.contrib.auth.backends.ModelBackend', 'guardian.backends.ObjectPermissionBackend')`.
crone executing at 2021-08-30 06:00:04.548764
chchchch767676766666666666666666666666666666666666666667777777777777777777
System check identified some issues:

WARNINGS:
?: (guardian.W001) Guardian authentication backend is not hooked. You can add this in settings as eg: `AUTHENTICATION_BACKENDS = ('django.contrib.auth.backends.ModelBackend', 'guardian.backends.ObjectPermissionBackend')`.
crone executing at 2021-08-31 06:00:03.920325
chchchch767676766666666666666666666666666666666666666667777777777777777777
System check identified some issues:

WARNINGS:
?: (guardian.W001) Guardian authentication backend is not hooked. You can add this in settings as eg: `AUTHENTICATION_BACKENDS = ('django.contrib.auth.backends.ModelBackend', 'guardian.backends.ObjectPermissionBackend')`.
crone executing at 2021-09-01 06:00:04.700295
chchchch767676766666666666666666666666666666666666666667777777777777777777
System check identified some issues:

WARNINGS:
?: (guardian.W001) Guardian authentication backend is not hooked. You can add this in settings as eg: `AUTHENTICATION_BACKENDS = ('django.contrib.auth.backends.ModelBackend', 'guardian.backends.ObjectPermissionBackend')`.
crone executing at 2021-09-02 06:00:04.074839
chchchch767676766666666666666666666666666666666666666667777777777777777777
System check identified some issues:

WARNINGS:
?: (guardian.W001) Guardian authentication backend is not hooked. You can add this in settings as eg: `AUTHENTICATION_BACKENDS = ('django.contrib.auth.backends.ModelBackend', 'guardian.backends.ObjectPermissionBackend')`.
crone executing at 2021-09-03 06:00:04.058469
chchchch767676766666666666666666666666666666666666666667777777777777777777
System check identified some issues:

WARNINGS:
?: (guardian.W001) Guardian authentication backend is not hooked. You can add this in settings as eg: `AUTHENTICATION_BACKENDS = ('django.contrib.auth.backends.ModelBackend', 'guardian.backends.ObjectPermissionBackend')`.
crone executing at 2021-09-04 06:00:04.254760
chchchch767676766666666666666666666666666666666666666667777777777777777777
System check identified some issues:

WARNINGS:
?: (guardian.W001) Guardian authentication backend is not hooked. You can add this in settings as eg: `AUTHENTICATION_BACKENDS = ('django.contrib.auth.backends.ModelBackend', 'guardian.backends.ObjectPermissionBackend')`.
crone executing at 2021-09-05 06:00:04.498534
chchchch767676766666666666666666666666666666666666666667777777777777777777
System check identified some issues:

WARNINGS:
?: (guardian.W001) Guardian authentication backend is not hooked. You can add this in settings as eg: `AUTHENTICATION_BACKENDS = ('django.contrib.auth.backends.ModelBackend', 'guardian.backends.ObjectPermissionBackend')`.
crone executing at 2021-09-06 06:00:04.254702
chchchch767676766666666666666666666666666666666666666667777777777777777777
System check identified some issues:

WARNINGS:
?: (guardian.W001) Guardian authentication backend is not hooked. You can add this in settings as eg: `AUTHENTICATION_BACKENDS = ('django.contrib.auth.backends.ModelBackend', 'guardian.backends.ObjectPermissionBackend')`.
crone executing at 2021-09-07 06:00:04.063402
chchchch767676766666666666666666666666666666666666666667777777777777777777
System check identified some issues:

WARNINGS:
?: (guardian.W001) Guardian authentication backend is not hooked. You can add this in settings as eg: `AUTHENTICATION_BACKENDS = ('django.contrib.auth.backends.ModelBackend', 'guardian.backends.ObjectPermissionBackend')`.
crone executing at 2021-09-08 06:00:03.963721
chchchch767676766666666666666666666666666666666666666667777777777777777777
System check identified some issues:

WARNINGS:
?: (guardian.W001) Guardian authentication backend is not hooked. You can add this in settings as eg: `AUTHENTICATION_BACKENDS = ('django.contrib.auth.backends.ModelBackend', 'guardian.backends.ObjectPermissionBackend')`.
crone executing at 2021-09-09 06:00:03.805505
chchchch767676766666666666666666666666666666666666666667777777777777777777
System check identified some issues:

WARNINGS:
?: (guardian.W001) Guardian authentication backend is not hooked. You can add this in settings as eg: `AUTHENTICATION_BACKENDS = ('django.contrib.auth.backends.ModelBackend', 'guardian.backends.ObjectPermissionBackend')`.
crone executing at 2021-09-10 06:00:04.480331
chchchch767676766666666666666666666666666666666666666667777777777777777777
System check identified some issues:

WARNINGS:
?: (guardian.W001) Guardian authentication backend is not hooked. You can add this in settings as eg: `AUTHENTICATION_BACKENDS = ('django.contrib.auth.backends.ModelBackend', 'guardian.backends.ObjectPermissionBackend')`.
crone executing at 2021-09-11 06:00:04.011794
chchchch767676766666666666666666666666666666666666666667777777777777777777
System check identified some issues:

WARNINGS:
?: (guardian.W001) Guardian authentication backend is not hooked. You can add this in settings as eg: `AUTHENTICATION_BACKENDS = ('django.contrib.auth.backends.ModelBackend', 'guardian.backends.ObjectPermissionBackend')`.
crone executing at 2021-09-12 06:00:04.172472
chchchch767676766666666666666666666666666666666666666667777777777777777777
System check identified some issues:

WARNINGS:
?: (guardian.W001) Guardian authentication backend is not hooked. You can add this in settings as eg: `AUTHENTICATION_BACKENDS = ('django.contrib.auth.backends.ModelBackend', 'guardian.backends.ObjectPermissionBackend')`.
crone executing at 2021-09-13 06:00:03.757292
chchchch767676766666666666666666666666666666666666666667777777777777777777
System check identified some issues:

WARNINGS:
?: (guardian.W001) Guardian authentication backend is not hooked. You can add this in settings as eg: `AUTHENTICATION_BACKENDS = ('django.contrib.auth.backends.ModelBackend', 'guardian.backends.ObjectPermissionBackend')`.
crone executing at 2021-09-14 06:00:04.485909
chchchch767676766666666666666666666666666666666666666667777777777777777777
System check identified some issues:

WARNINGS:
?: (guardian.W001) Guardian authentication backend is not hooked. You can add this in settings as eg: `AUTHENTICATION_BACKENDS = ('django.contrib.auth.backends.ModelBackend', 'guardian.backends.ObjectPermissionBackend')`.
crone executing at 2021-09-15 06:00:04.460677
chchchch767676766666666666666666666666666666666666666667777777777777777777
System check identified some issues:

WARNINGS:
?: (guardian.W001) Guardian authentication backend is not hooked. You can add this in settings as eg: `AUTHENTICATION_BACKENDS = ('django.contrib.auth.backends.ModelBackend', 'guardian.backends.ObjectPermissionBackend')`.
crone executing at 2021-09-16 06:00:04.340359
chchchch767676766666666666666666666666666666666666666667777777777777777777
System check identified some issues:

WARNINGS:
?: (guardian.W001) Guardian authentication backend is not hooked. You can add this in settings as eg: `AUTHENTICATION_BACKENDS = ('django.contrib.auth.backends.ModelBackend', 'guardian.backends.ObjectPermissionBackend')`.
crone executing at 2021-09-17 06:00:03.706815
chchchch767676766666666666666666666666666666666666666667777777777777777777
System check identified some issues:

WARNINGS:
?: (guardian.W001) Guardian authentication backend is not hooked. You can add this in settings as eg: `AUTHENTICATION_BACKENDS = ('django.contrib.auth.backends.ModelBackend', 'guardian.backends.ObjectPermissionBackend')`.
crone executing at 2021-09-18 06:00:03.723240
chchchch767676766666666666666666666666666666666666666667777777777777777777
System check identified some issues:

WARNINGS:
?: (guardian.W001) Guardian authentication backend is not hooked. You can add this in settings as eg: `AUTHENTICATION_BACKENDS = ('django.contrib.auth.backends.ModelBackend', 'guardian.backends.ObjectPermissionBackend')`.
crone executing at 2021-09-19 06:00:03.593188
chchchch767676766666666666666666666666666666666666666667777777777777777777
System check identified some issues:

WARNINGS:
?: (guardian.W001) Guardian authentication backend is not hooked. You can add this in settings as eg: `AUTHENTICATION_BACKENDS = ('django.contrib.auth.backends.ModelBackend', 'guardian.backends.ObjectPermissionBackend')`.
crone executing at 2021-09-20 06:00:04.548082
chchchch767676766666666666666666666666666666666666666667777777777777777777
System check identified some issues:

WARNINGS:
?: (guardian.W001) Guardian authentication backend is not hooked. You can add this in settings as eg: `AUTHENTICATION_BACKENDS = ('django.contrib.auth.backends.ModelBackend', 'guardian.backends.ObjectPermissionBackend')`.
crone executing at 2021-09-21 06:00:03.622988
chchchch767676766666666666666666666666666666666666666667777777777777777777
System check identified some issues:

WARNINGS:
?: (guardian.W001) Guardian authentication backend is not hooked. You can add this in settings as eg: `AUTHENTICATION_BACKENDS = ('django.contrib.auth.backends.ModelBackend', 'guardian.backends.ObjectPermissionBackend')`.
crone executing at 2021-09-22 06:00:04.231584
chchchch767676766666666666666666666666666666666666666667777777777777777777
System check identified some issues:

WARNINGS:
?: (guardian.W001) Guardian authentication backend is not hooked. You can add this in settings as eg: `AUTHENTICATION_BACKENDS = ('django.contrib.auth.backends.ModelBackend', 'guardian.backends.ObjectPermissionBackend')`.
crone executing at 2021-09-23 06:00:04.199885
chchchch767676766666666666666666666666666666666666666667777777777777777777
System check identified some issues:

WARNINGS:
?: (guardian.W001) Guardian authentication backend is not hooked. You can add this in settings as eg: `AUTHENTICATION_BACKENDS = ('django.contrib.auth.backends.ModelBackend', 'guardian.backends.ObjectPermissionBackend')`.
crone executing at 2021-09-24 06:00:03.579809
chchchch767676766666666666666666666666666666666666666667777777777777777777
System check identified some issues:

WARNINGS:
?: (guardian.W001) Guardian authentication backend is not hooked. You can add this in settings as eg: `AUTHENTICATION_BACKENDS = ('django.contrib.auth.backends.ModelBackend', 'guardian.backends.ObjectPermissionBackend')`.
crone executing at 2021-09-25 06:00:03.575110
chchchch767676766666666666666666666666666666666666666667777777777777777777
System check identified some issues:

WARNINGS:
?: (guardian.W001) Guardian authentication backend is not hooked. You can add this in settings as eg: `AUTHENTICATION_BACKENDS = ('django.contrib.auth.backends.ModelBackend', 'guardian.backends.ObjectPermissionBackend')`.
crone executing at 2021-09-26 06:00:04.305559
chchchch767676766666666666666666666666666666666666666667777777777777777777
System check identified some issues:

WARNINGS:
?: (guardian.W001) Guardian authentication backend is not hooked. You can add this in settings as eg: `AUTHENTICATION_BACKENDS = ('django.contrib.auth.backends.ModelBackend', 'guardian.backends.ObjectPermissionBackend')`.
crone executing at 2021-09-27 06:00:04.272178
chchchch767676766666666666666666666666666666666666666667777777777777777777
System check identified some issues:

WARNINGS:
?: (guardian.W001) Guardian authentication backend is not hooked. You can add this in settings as eg: `AUTHENTICATION_BACKENDS = ('django.contrib.auth.backends.ModelBackend', 'guardian.backends.ObjectPermissionBackend')`.
crone executing at 2021-09-28 04:01:03.874264
chchchch767676766666666666666666666666666666666666666667777777777777777777
System check identified some issues:

WARNINGS:
?: (guardian.W001) Guardian authentication backend is not hooked. You can add this in settings as eg: `AUTHENTICATION_BACKENDS = ('django.contrib.auth.backends.ModelBackend', 'guardian.backends.ObjectPermissionBackend')`.
crone executing at 2021-09-29 04:01:04.098793
chchchch767676766666666666666666666666666666666666666667777777777777777777
System check identified some issues:

WARNINGS:
?: (guardian.W001) Guardian authentication backend is not hooked. You can add this in settings as eg: `AUTHENTICATION_BACKENDS = ('django.contrib.auth.backends.ModelBackend', 'guardian.backends.ObjectPermissionBackend')`.
crone executing at 2021-09-30 04:01:04.255767
chchchch767676766666666666666666666666666666666666666667777777777777777777
